Loading Gazetteers...
Loading Meta Data...
Loading clusterers...
Loading Annotation Cache...
Loading document set...
Loading sentence count for 1000278-8-K-20021007.press.toked.nlp.obj
Loading sentence annotation for 1000278-8-K-20021007.press.toked.nlp.obj.9
Loading sentence count for 1000736-8-K-19990422.press.toked.nlp.obj
Loading sentence annotation for 1000736-8-K-19990422.press.toked.nlp.obj.9
Loading sentence count for 1001627-8-K-19970124.press.toked.nlp.obj
Loading sentence annotation for 1001627-8-K-19970124.press.toked.nlp.obj.14
Loading sentence count for 1001289-8-K-20001113.press.toked.nlp.obj
Loading sentence annotation for 1001289-8-K-20001113.press.toked.nlp.obj.8
Loading sentence annotation for 1000736-8-K-19990422.press.toked.nlp.obj.10
Loading sentence annotation for 1000278-8-K-20021007.press.toked.nlp.obj.10
Loading sentence annotation for 1001627-8-K-19970124.press.toked.nlp.obj.15
Loading sentence annotation for 1000736-8-K-19990422.press.toked.nlp.obj.11
Loading sentence annotation for 1001289-8-K-20001113.press.toked.nlp.obj.9
Loading sentence annotation for 1001627-8-K-19970124.press.toked.nlp.obj.16
Loading sentence annotation for 1000278-8-K-20021007.press.toked.nlp.obj.11
Loading sentence annotation for 1001289-8-K-20001113.press.toked.nlp.obj.10
Loaded 4 documents.
Constructing data set...
Parsing tree models...
Parsed tree model info for path [Root] with 5 valid output paths and 18 features.
Parsed tree model info for path OCorp with 11 valid output paths and 7 features.
Initializing CV data sets for fold 0
Initializing features for CV fold 0
Training model for CV fold 0
Training model and outputting to C:\Users\Bill\Documents\projects\NoahsARK\sloan\Data\CReg\TreeKCVBasePlusBrownCluster1000.10FoldCV.0
Initializing CV data sets for fold 1
Initializing features for CV fold 1
Training model for CV fold 1
Training model and outputting to C:\Users\Bill\Documents\projects\NoahsARK\sloan\Data\CReg\TreeKCVBasePlusBrownCluster1000.10FoldCV.1
