--------------- Fold: 0 ---------------
--------------- Fold: 1 ---------------
PREDICTED: OCorp-Finance
ACTUAL: OCorp-Merger
FIRST SENTENCE: Customers will benefit from the continued investment in technology that Kodak can make , as well as from the world-class service and support for which Kodak is renowned . '' 
Label: OCorp-Merger-Aqu
Author Corporation: LUMISYS INC \DE\
Mentioned Organizations: 
Kodak 
Kodak 
Kodak 


PREDICTED: OCorp-Finance
ACTUAL: OCorp-Family
FIRST SENTENCE: Earnings and earnings per share were positively impacted as a result of the inclusion of First National 's earnings . 
Label: OCorp-Family-Sub
Author Corporation: CLASSIC BANCSHARES INC
Mentioned Organizations: 
First National 
First National 



PREDICTED: OCorp-Merger
ACTUAL: OCorp-Finance
FIRST SENTENCE: GSK owns approximately 8.9 % of the outstanding common stock of PHLI . 
Label: OCorp-Finance
Author Corporation: PACIFICHEALTH LABORATORIES INC
Mentioned Organizations: 
GSK 
GSK 
GSK 


PREDICTED: OCorp-Merger
ACTUAL: OCorp-Family
FIRST SENTENCE: First National will continue to provide Classic with the higher bank earnings that supplement the lower thrift earnings of Ashland Federal as Ashland Federal continues to make the transition to a commercial bank structure . 
Label: OCorp-Family-Sub
Author Corporation: CLASSIC BANCSHARES INC
Mentioned Organizations: 
Ashland Federal 
Ashland Federal 



