Loading Gazetteers...
Loading Meta Data...
Loading clusterers...
Loading Annotation Cache...
Loading document set...
Loading sentence count for 1000278-8-K-20021007.press.toked.nlp.obj
Loading sentence annotation for 1000278-8-K-20021007.press.toked.nlp.obj.9
Loading sentence count for 1001289-8-K-20001113.press.toked.nlp.obj
Loading sentence count for 1000736-8-K-19990422.press.toked.nlp.obj
Loading sentence annotation for 1001289-8-K-20001113.press.toked.nlp.obj.8
Loading sentence annotation for 1000736-8-K-19990422.press.toked.nlp.obj.9
Loading sentence count for 1001627-8-K-19970124.press.toked.nlp.obj
Loading sentence annotation for 1001627-8-K-19970124.press.toked.nlp.obj.14
Loading sentence annotation for 1000736-8-K-19990422.press.toked.nlp.obj.10
Loading sentence annotation for 1000736-8-K-19990422.press.toked.nlp.obj.11
Loading sentence annotation for 1001627-8-K-19970124.press.toked.nlp.obj.15
Loading sentence annotation for 1000278-8-K-20021007.press.toked.nlp.obj.10
Loading sentence annotation for 1001289-8-K-20001113.press.toked.nlp.obj.9
Loading sentence count for 1001868-8-K-20000414.press.toked.nlp.obj
Loading sentence annotation for 1001868-8-K-20000414.press.toked.nlp.obj.15
Loading sentence annotation for 1001627-8-K-19970124.press.toked.nlp.obj.16
Loading sentence annotation for 1000278-8-K-20021007.press.toked.nlp.obj.11
Loading sentence annotation for 1001289-8-K-20001113.press.toked.nlp.obj.10
Loading sentence annotation for 1001868-8-K-20000414.press.toked.nlp.obj.16
Loading sentence count for 1002044-8-K-20021127.press.toked.nlp.obj
Loading sentence annotation for 1002044-8-K-20021127.press.toked.nlp.obj.19
Loading sentence count for 1002637-8-K-19981002.press.toked.nlp.obj
Loading sentence annotation for 1002637-8-K-19981002.press.toked.nlp.obj.20
Loading sentence count for 1003130-8-K-19990713.press.toked.nlp.obj
Loading sentence annotation for 1003130-8-K-19990713.press.toked.nlp.obj.1
Loading sentence annotation for 1002044-8-K-20021127.press.toked.nlp.obj.20
Loading sentence annotation for 1001868-8-K-20000414.press.toked.nlp.obj.17
Loading sentence annotation for 1003130-8-K-19990713.press.toked.nlp.obj.2
Loading sentence annotation for 1002637-8-K-19981002.press.toked.nlp.obj.21
Note: No sentence annotation documents for 1003226-8-K-20060106.press.toked.nlp.obj.  Creating them....  
Loading document annotation for 1003226-8-K-20060106.press.toked.nlp.obj
Loading sentence annotation for 1002044-8-K-20021127.press.toked.nlp.obj.21
Loading sentence annotation for 1003130-8-K-19990713.press.toked.nlp.obj.3
Loading sentence annotation for 1002637-8-K-19981002.press.toked.nlp.obj.22
Loading sentence count for 1003932-8-K-20021101.press.toked.nlp.obj
Loading sentence annotation for 1003932-8-K-20021101.press.toked.nlp.obj.5
Note: No sentence annotation documents for 1003950-8-K-19991221.press.toked.nlp.obj.  Creating them....  
Loading document annotation for 1003950-8-K-19991221.press.toked.nlp.obj
Loading sentence annotation for 1003932-8-K-20021101.press.toked.nlp.obj.6
Note: No sentence annotation documents for 1004434-8-K-20021024.press.toked.nlp.obj.  Creating them....  
Loading document annotation for 1004434-8-K-20021024.press.toked.nlp.obj
